Arguments: 
  C:\Users\tahan\AppData\Roaming\npm\node_modules\node\bin\node.exe C:\Users\tahan\AppData\Roaming\npm\node_modules\yarn\bin\yarn.js

PATH: 
  C:\windows\system32;C:\windows;C:\windows\System32\Wbem;C:\windows\System32\WindowsPowerShell\v1.0\;C:\windows\System32\OpenSSH\;C:\Program Files (x86)\NVIDIA Corporation\PhysX\Common;C:\Program Files\NVIDIA Corporation\NVIDIA NvDLISR;C:\WINDOWS\system32;C:\WINDOWS;C:\WINDOWS\System32\Wbem;C:\WINDOWS\System32\WindowsPowerShell\v1.0\;C:\WINDOWS\System32\OpenSSH\;%NVM_HOME%;%NVM_SYMLINK%;C:\Program Files\Git\cmd;C:\Users\tahan\AppData\Local\Microsoft\WindowsApps;C:\Users\tahan\AppData\Local\Programs\Microsoft VS Code\bin;C:\Users\tahan\AppData\Roaming\npm;C:\Users\tahan\AppData\Roaming\nvm;C:\Program Files\nodejs

Yarn version: 
  1.22.19

Node version: 
  16.20.2

Platform: 
  win32 x64

Trace: 
  SyntaxError: D:\Wefi-node-server\package.json: Unexpected token < in JSON at position 617
      at JSON.parse (<anonymous>)
      at C:\Users\tahan\AppData\Roaming\npm\node_modules\yarn\lib\cli.js:1629:59
      at Generator.next (<anonymous>)
      at step (C:\Users\tahan\AppData\Roaming\npm\node_modules\yarn\lib\cli.js:310:30)
      at C:\Users\tahan\AppData\Roaming\npm\node_modules\yarn\lib\cli.js:321:13

npm manifest: 
  {
    "name": "node-babel-server",
    "version": "1.0.0",
    "description": "",
    "main": "index.js",
    "type": "module",
    "scripts": {
      "start": "nodemon --exec babel-node src/index.js",
      "test": "echo \"No test specified\" && exit 0"
    },
    "keywords": [],
    "author": "",
    "license": "ISC",
    "devDependencies": {
      "@babel/core": "^7.18.13",
      "@babel/node": "^7.18.10",
      "@babel/preset-env": "^7.18.10",
      "ethereumjs-util": "*",
      "nodemon": "^2.0.19"
    },
    "dependencies": {
      "@uniswap/v2-core": "^1.0.1",
      "@uniswap/v3-core": "^1.0.1",
      "dotenv": "^16.0.1",
      "express": "^4.18.2",
  <<<<<<< HEAD
      "web3": "^4.4.0",
      "ws": "^8.16.0"
  =======
      "web3": "^4.2.2"
  >>>>>>> 8dd8f7b3d251601f4ce374534e82c43dc42be95c
    }
  }

yarn manifest: 
  No manifest

Lockfile: 
  No lockfile
